<?xml version="1.0" encoding="UTF-8"?>
<!-- Generated by org.testng.reporters.JUnitReportReporter -->
<testsuite skipped="0" hostname="DESKTOP-27L8JE7" name="com.excels.TestA" tests="1" failures="0" timestamp="30 Jan 2020 13:56:05 GMT" time="0.019" errors="0">
  <testcase name="testB" time="0.019" classname="com.excels.TestA"/>
</testsuite> <!-- com.excels.TestA -->
