<?xml version="1.0" encoding="UTF-8"?>
<!-- Generated by org.testng.reporters.JUnitReportReporter -->
<testsuite skipped="0" hostname="DESKTOP-27L8JE7" name="errorScreenShots.ScreenshotOnFailure" tests="1" failures="0" timestamp="2020-01-09T19:17:25 IST" time="25.574" errors="0">
  <testcase name="getScreenshot" time="25.574" classname="errorScreenShots.ScreenshotOnFailure"/>
</testsuite> <!-- errorScreenShots.ScreenshotOnFailure -->
